{"/workspaces/rest-countries-explorer/countryhub/postcss.config.js": {"path":"/workspaces/rest-countries-explorer/countryhub/postcss.config.js","all":true,"statementMap":{"0":{"start":{"line":1,"column":0},"end":{"line":1,"column":16}},"1":{"start":{"line":2,"column":0},"end":{"line":2,"column":12}},"2":{"start":{"line":3,"column":0},"end":{"line":3,"column":20}},"3":{"start":{"line":4,"column":0},"end":{"line":4,"column":21}},"4":{"start":{"line":5,"column":0},"end":{"line":5,"column":4}},"5":{"start":{"line":6,"column":0},"end":{"line":6,"column":1}}},"s":{"0":0,"1":0,"2":0,"3":0,"4":0,"5":0},"branchMap":{"0":{"type":"branch","line":1,"loc":{"start":{"line":1,"column":79},"end":{"line":6,"column":1}},"locations":[{"start":{"line":1,"column":79},"end":{"line":6,"column":1}}]}},"b":{"0":[0]},"fnMap":{"0":{"name":"(empty-report)","decl":{"start":{"line":1,"column":79},"end":{"line":6,"column":1}},"loc":{"start":{"line":1,"column":79},"end":{"line":6,"column":1}},"line":1}},"f":{"0":0}}
,"/workspaces/rest-countries-explorer/countryhub/tailwind.config.js": {"path":"/workspaces/rest-countries-explorer/countryhub/tailwind.config.js","all":true,"statementMap":{"0":{"start":{"line":1,"column":0},"end":{"line":1,"column":43}},"1":{"start":{"line":2,"column":0},"end":{"line":2,"column":16}},"2":{"start":{"line":3,"column":0},"end":{"line":3,"column":12}},"3":{"start":{"line":4,"column":0},"end":{"line":4,"column":19}},"4":{"start":{"line":5,"column":0},"end":{"line":5,"column":33}},"5":{"start":{"line":6,"column":0},"end":{"line":6,"column":4}},"6":{"start":{"line":7,"column":0},"end":{"line":7,"column":10}},"7":{"start":{"line":8,"column":0},"end":{"line":8,"column":15}},"8":{"start":{"line":9,"column":0},"end":{"line":9,"column":4}},"9":{"start":{"line":10,"column":0},"end":{"line":10,"column":14}},"10":{"start":{"line":11,"column":0},"end":{"line":11,"column":1}}},"s":{"0":0,"1":0,"2":0,"3":0,"4":0,"5":0,"6":0,"7":0,"8":0,"9":0,"10":0},"branchMap":{"0":{"type":"branch","line":1,"loc":{"start":{"line":1,"column":181},"end":{"line":11,"column":1}},"locations":[{"start":{"line":1,"column":181},"end":{"line":11,"column":1}}]}},"b":{"0":[0]},"fnMap":{"0":{"name":"(empty-report)","decl":{"start":{"line":1,"column":181},"end":{"line":11,"column":1}},"loc":{"start":{"line":1,"column":181},"end":{"line":11,"column":1}},"line":1}},"f":{"0":0}}
,"/workspaces/rest-countries-explorer/countryhub/src/App.tsx": {"path":"/workspaces/rest-countries-explorer/countryhub/src/App.tsx","all":false,"statementMap":{"0":{"start":{"line":1,"column":0},"end":{"line":1,"column":44}},"2":{"start":{"line":3,"column":0},"end":{"line":3,"column":16}},"3":{"start":{"line":4,"column":0},"end":{"line":4,"column":22}},"4":{"start":{"line":5,"column":0},"end":{"line":5,"column":1}},"6":{"start":{"line":7,"column":0},"end":{"line":7,"column":19}}},"s":{"0":1,"2":2,"3":2,"4":2,"6":1},"branchMap":{"0":{"type":"branch","line":3,"loc":{"start":{"line":3,"column":0},"end":{"line":5,"column":1}},"locations":[{"start":{"line":3,"column":0},"end":{"line":5,"column":1}}]}},"b":{"0":[2]},"fnMap":{"0":{"name":"App","decl":{"start":{"line":3,"column":0},"end":{"line":5,"column":1}},"loc":{"start":{"line":3,"column":0},"end":{"line":5,"column":1}},"line":3}},"f":{"0":2}}
,"/workspaces/rest-countries-explorer/countryhub/src/main.tsx": {"path":"/workspaces/rest-countries-explorer/countryhub/src/main.tsx","all":true,"statementMap":{"0":{"start":{"line":1,"column":0},"end":{"line":1,"column":34}},"1":{"start":{"line":2,"column":0},"end":{"line":2,"column":45}},"2":{"start":{"line":3,"column":0},"end":{"line":3,"column":20}},"3":{"start":{"line":4,"column":0},"end":{"line":4,"column":27}},"5":{"start":{"line":6,"column":0},"end":{"line":6,"column":52}},"6":{"start":{"line":7,"column":0},"end":{"line":7,"column":14}},"7":{"start":{"line":8,"column":0},"end":{"line":8,"column":11}},"8":{"start":{"line":9,"column":0},"end":{"line":9,"column":16}},"9":{"start":{"line":10,"column":0},"end":{"line":10,"column":1}}},"s":{"0":0,"1":0,"2":0,"3":0,"5":0,"6":0,"7":0,"8":0,"9":0},"branchMap":{"0":{"type":"branch","line":1,"loc":{"start":{"line":1,"column":203},"end":{"line":10,"column":-148}},"locations":[{"start":{"line":1,"column":203},"end":{"line":10,"column":-148}}]}},"b":{"0":[0]},"fnMap":{"0":{"name":"(empty-report)","decl":{"start":{"line":1,"column":203},"end":{"line":10,"column":-148}},"loc":{"start":{"line":1,"column":203},"end":{"line":10,"column":-148}},"line":1}},"f":{"0":0}}
,"/workspaces/rest-countries-explorer/countryhub/src/components/CountryCard.tsx": {"path":"/workspaces/rest-countries-explorer/countryhub/src/components/CountryCard.tsx","all":false,"statementMap":{"6":{"start":{"line":7,"column":0},"end":{"line":7,"column":63}},"7":{"start":{"line":8,"column":0},"end":{"line":8,"column":10}},"8":{"start":{"line":9,"column":0},"end":{"line":9,"column":89}},"9":{"start":{"line":10,"column":0},"end":{"line":10,"column":11}},"10":{"start":{"line":11,"column":0},"end":{"line":11,"column":32}},"11":{"start":{"line":12,"column":0},"end":{"line":12,"column":46}},"12":{"start":{"line":13,"column":0},"end":{"line":13,"column":60}},"13":{"start":{"line":14,"column":0},"end":{"line":14,"column":8}},"14":{"start":{"line":15,"column":0},"end":{"line":15,"column":63}},"15":{"start":{"line":16,"column":0},"end":{"line":16,"column":29}},"16":{"start":{"line":17,"column":0},"end":{"line":17,"column":11}},"17":{"start":{"line":18,"column":0},"end":{"line":18,"column":35}},"18":{"start":{"line":19,"column":0},"end":{"line":19,"column":49}},"19":{"start":{"line":20,"column":0},"end":{"line":20,"column":10}},"20":{"start":{"line":21,"column":0},"end":{"line":21,"column":35}},"21":{"start":{"line":22,"column":0},"end":{"line":22,"column":74}},"22":{"start":{"line":23,"column":0},"end":{"line":23,"column":10}},"23":{"start":{"line":24,"column":0},"end":{"line":24,"column":27}},"24":{"start":{"line":25,"column":0},"end":{"line":25,"column":37}},"25":{"start":{"line":26,"column":0},"end":{"line":26,"column":56}},"26":{"start":{"line":27,"column":0},"end":{"line":27,"column":12}},"28":{"start":{"line":29,"column":0},"end":{"line":29,"column":10}},"30":{"start":{"line":31,"column":0},"end":{"line":31,"column":2}}},"s":{"6":1,"7":20,"8":20,"9":20,"10":20,"11":20,"12":20,"13":20,"14":20,"15":20,"16":20,"17":20,"18":20,"19":20,"20":20,"21":20,"22":20,"23":20,"24":19,"25":19,"26":19,"28":20,"30":20},"branchMap":{"0":{"type":"branch","line":7,"loc":{"start":{"line":7,"column":27},"end":{"line":31,"column":2}},"locations":[{"start":{"line":7,"column":27},"end":{"line":31,"column":2}}]},"1":{"type":"branch","line":24,"loc":{"start":{"line":24,"column":15},"end":{"line":27,"column":12}},"locations":[{"start":{"line":24,"column":15},"end":{"line":27,"column":12}}]}},"b":{"0":[20],"1":[19]},"fnMap":{"0":{"name":"CountryCard","decl":{"start":{"line":7,"column":27},"end":{"line":31,"column":2}},"loc":{"start":{"line":7,"column":27},"end":{"line":31,"column":2}},"line":7}},"f":{"0":20}}
,"/workspaces/rest-countries-explorer/countryhub/src/components/CountryList.tsx": {"path":"/workspaces/rest-countries-explorer/countryhub/src/components/CountryList.tsx","all":true,"statementMap":{},"s":{},"branchMap":{"0":{"type":"branch","line":1,"loc":{"start":{"line":1,"column":0},"end":{"line":1,"column":0}},"locations":[{"start":{"line":1,"column":0},"end":{"line":1,"column":0}}]}},"b":{"0":[1]},"fnMap":{"0":{"name":"(empty-report)","decl":{"start":{"line":1,"column":0},"end":{"line":1,"column":0}},"loc":{"start":{"line":1,"column":0},"end":{"line":1,"column":0}},"line":1}},"f":{"0":1}}
,"/workspaces/rest-countries-explorer/countryhub/src/pages/HomePage.tsx": {"path":"/workspaces/rest-countries-explorer/countryhub/src/pages/HomePage.tsx","all":false,"statementMap":{"0":{"start":{"line":1,"column":0},"end":{"line":1,"column":44}},"1":{"start":{"line":2,"column":0},"end":{"line":2,"column":56}},"2":{"start":{"line":3,"column":0},"end":{"line":3,"column":56}},"4":{"start":{"line":5,"column":0},"end":{"line":5,"column":31}},"5":{"start":{"line":6,"column":0},"end":{"line":6,"column":77}},"6":{"start":{"line":7,"column":0},"end":{"line":7,"column":51}},"8":{"start":{"line":9,"column":0},"end":{"line":9,"column":19}},"9":{"start":{"line":10,"column":0},"end":{"line":10,"column":24}},"10":{"start":{"line":11,"column":0},"end":{"line":11,"column":26}},"12":{"start":{"line":13,"column":0},"end":{"line":13,"column":55}},"13":{"start":{"line":14,"column":0},"end":{"line":14,"column":72}},"14":{"start":{"line":15,"column":0},"end":{"line":15,"column":4}},"16":{"start":{"line":17,"column":0},"end":{"line":17,"column":83}},"17":{"start":{"line":18,"column":0},"end":{"line":18,"column":88}},"19":{"start":{"line":20,"column":0},"end":{"line":20,"column":10}},"20":{"start":{"line":21,"column":0},"end":{"line":21,"column":49}},"21":{"start":{"line":22,"column":0},"end":{"line":22,"column":73}},"24":{"start":{"line":25,"column":0},"end":{"line":25,"column":28}},"25":{"start":{"line":26,"column":0},"end":{"line":26,"column":14}},"26":{"start":{"line":27,"column":0},"end":{"line":27,"column":21}},"27":{"start":{"line":28,"column":0},"end":{"line":28,"column":43}},"28":{"start":{"line":29,"column":0},"end":{"line":29,"column":28}},"29":{"start":{"line":30,"column":0},"end":{"line":30,"column":57}},"30":{"start":{"line":31,"column":0},"end":{"line":31,"column":118}},"31":{"start":{"line":32,"column":0},"end":{"line":32,"column":10}},"32":{"start":{"line":33,"column":0},"end":{"line":33,"column":12}},"35":{"start":{"line":36,"column":0},"end":{"line":36,"column":91}},"36":{"start":{"line":37,"column":0},"end":{"line":37,"column":45}},"37":{"start":{"line":38,"column":0},"end":{"line":38,"column":62}},"38":{"start":{"line":39,"column":0},"end":{"line":39,"column":11}},"39":{"start":{"line":40,"column":0},"end":{"line":40,"column":12}},"41":{"start":{"line":42,"column":0},"end":{"line":42,"column":54}},"42":{"start":{"line":43,"column":0},"end":{"line":43,"column":56}},"44":{"start":{"line":45,"column":0},"end":{"line":45,"column":14}},"46":{"start":{"line":47,"column":0},"end":{"line":47,"column":10}},"48":{"start":{"line":49,"column":0},"end":{"line":49,"column":2}}},"s":{"0":1,"1":1,"2":1,"4":1,"5":31,"6":31,"8":31,"9":6,"10":31,"12":31,"13":60,"14":31,"16":31,"17":31,"19":30,"20":30,"21":30,"24":30,"25":30,"26":30,"27":30,"28":30,"29":30,"30":30,"31":30,"32":30,"35":30,"36":30,"37":17,"38":30,"39":30,"41":31,"42":17,"44":17,"46":31,"48":31},"branchMap":{"0":{"type":"branch","line":5,"loc":{"start":{"line":5,"column":24},"end":{"line":49,"column":2}},"locations":[{"start":{"line":5,"column":24},"end":{"line":49,"column":2}}]},"1":{"type":"branch","line":17,"loc":{"start":{"line":17,"column":15},"end":{"line":17,"column":83}},"locations":[{"start":{"line":17,"column":15},"end":{"line":17,"column":83}}]},"2":{"type":"branch","line":17,"loc":{"start":{"line":17,"column":76},"end":{"line":18,"column":20}},"locations":[{"start":{"line":17,"column":76},"end":{"line":18,"column":20}}]},"3":{"type":"branch","line":18,"loc":{"start":{"line":18,"column":13},"end":{"line":18,"column":88}},"locations":[{"start":{"line":18,"column":13},"end":{"line":18,"column":88}}]},"4":{"type":"branch","line":18,"loc":{"start":{"line":18,"column":81},"end":{"line":42,"column":41}},"locations":[{"start":{"line":18,"column":81},"end":{"line":42,"column":41}}]},"5":{"type":"branch","line":42,"loc":{"start":{"line":42,"column":36},"end":{"line":42,"column":54}},"locations":[{"start":{"line":42,"column":36},"end":{"line":42,"column":54}}]},"6":{"type":"branch","line":42,"loc":{"start":{"line":42,"column":42},"end":{"line":45,"column":14}},"locations":[{"start":{"line":42,"column":42},"end":{"line":45,"column":14}}]},"7":{"type":"branch","line":9,"loc":{"start":{"line":9,"column":12},"end":{"line":11,"column":5}},"locations":[{"start":{"line":9,"column":12},"end":{"line":11,"column":5}}]},"8":{"type":"branch","line":13,"loc":{"start":{"line":13,"column":45},"end":{"line":14,"column":72}},"locations":[{"start":{"line":13,"column":45},"end":{"line":14,"column":72}}]},"9":{"type":"branch","line":30,"loc":{"start":{"line":30,"column":20},"end":{"line":30,"column":57}},"locations":[{"start":{"line":30,"column":20},"end":{"line":30,"column":57}}]},"10":{"type":"branch","line":37,"loc":{"start":{"line":37,"column":31},"end":{"line":38,"column":62}},"locations":[{"start":{"line":37,"column":31},"end":{"line":38,"column":62}}]}},"b":{"0":[31],"1":[1],"2":[30],"3":[0],"4":[30],"5":[17],"6":[17],"7":[6],"8":[60],"9":[25],"10":[17]},"fnMap":{"0":{"name":"HomePage","decl":{"start":{"line":5,"column":24},"end":{"line":49,"column":2}},"loc":{"start":{"line":5,"column":24},"end":{"line":49,"column":2}},"line":5},"1":{"name":"onChange","decl":{"start":{"line":30,"column":20},"end":{"line":30,"column":57}},"loc":{"start":{"line":30,"column":20},"end":{"line":30,"column":57}},"line":30}},"f":{"0":31,"1":25}}
,"/workspaces/rest-countries-explorer/countryhub/src/routes/AppRoutes.tsx": {"path":"/workspaces/rest-countries-explorer/countryhub/src/routes/AppRoutes.tsx","all":true,"statementMap":{},"s":{},"branchMap":{"0":{"type":"branch","line":1,"loc":{"start":{"line":1,"column":0},"end":{"line":1,"column":0}},"locations":[{"start":{"line":1,"column":0},"end":{"line":1,"column":0}}]}},"b":{"0":[1]},"fnMap":{"0":{"name":"(empty-report)","decl":{"start":{"line":1,"column":0},"end":{"line":1,"column":0}},"loc":{"start":{"line":1,"column":0},"end":{"line":1,"column":0}},"line":1}},"f":{"0":1}}
,"/workspaces/rest-countries-explorer/countryhub/src/services/countryService.ts": {"path":"/workspaces/rest-countries-explorer/countryhub/src/services/countryService.ts","all":false,"statementMap":{"0":{"start":{"line":1,"column":0},"end":{"line":1,"column":26}},"3":{"start":{"line":4,"column":0},"end":{"line":4,"column":54}},"6":{"start":{"line":7,"column":0},"end":{"line":7,"column":64}},"8":{"start":{"line":9,"column":0},"end":{"line":9,"column":39}},"9":{"start":{"line":10,"column":0},"end":{"line":10,"column":24}},"10":{"start":{"line":11,"column":0},"end":{"line":11,"column":17}},"11":{"start":{"line":12,"column":0},"end":{"line":12,"column":3}},"31":{"start":{"line":32,"column":0},"end":{"line":32,"column":31}},"32":{"start":{"line":33,"column":0},"end":{"line":33,"column":47}},"33":{"start":{"line":34,"column":0},"end":{"line":34,"column":9}},"34":{"start":{"line":35,"column":0},"end":{"line":35,"column":79}},"35":{"start":{"line":36,"column":0},"end":{"line":36,"column":27}},"36":{"start":{"line":37,"column":0},"end":{"line":37,"column":21}},"37":{"start":{"line":38,"column":0},"end":{"line":38,"column":41}},"38":{"start":{"line":39,"column":0},"end":{"line":39,"column":91}},"39":{"start":{"line":40,"column":0},"end":{"line":40,"column":5}},"40":{"start":{"line":41,"column":0},"end":{"line":41,"column":4}},"42":{"start":{"line":43,"column":0},"end":{"line":43,"column":58}},"43":{"start":{"line":44,"column":0},"end":{"line":44,"column":87}},"44":{"start":{"line":45,"column":0},"end":{"line":45,"column":28}},"45":{"start":{"line":46,"column":0},"end":{"line":46,"column":4}},"47":{"start":{"line":48,"column":0},"end":{"line":48,"column":59}},"48":{"start":{"line":49,"column":0},"end":{"line":49,"column":86}},"49":{"start":{"line":50,"column":0},"end":{"line":50,"column":25}},"50":{"start":{"line":51,"column":0},"end":{"line":51,"column":4}},"52":{"start":{"line":53,"column":0},"end":{"line":53,"column":66}},"53":{"start":{"line":54,"column":0},"end":{"line":54,"column":90}},"54":{"start":{"line":55,"column":0},"end":{"line":55,"column":25}},"55":{"start":{"line":56,"column":0},"end":{"line":56,"column":3}},"56":{"start":{"line":57,"column":0},"end":{"line":57,"column":2}}},"s":{"0":1,"3":1,"6":1,"8":1,"9":1,"10":1,"11":1,"31":1,"32":1,"33":4,"34":4,"35":0,"36":0,"37":0,"38":0,"39":0,"40":4,"42":1,"43":3,"44":0,"45":3,"47":1,"48":2,"49":0,"50":2,"52":1,"53":2,"54":0,"55":2,"56":1},"branchMap":{"0":{"type":"branch","line":33,"loc":{"start":{"line":33,"column":2},"end":{"line":41,"column":4}},"locations":[{"start":{"line":33,"column":2},"end":{"line":41,"column":4}}]},"1":{"type":"branch","line":35,"loc":{"start":{"line":35,"column":77},"end":{"line":40,"column":5}},"locations":[{"start":{"line":35,"column":77},"end":{"line":40,"column":5}}]},"2":{"type":"branch","line":43,"loc":{"start":{"line":43,"column":2},"end":{"line":46,"column":4}},"locations":[{"start":{"line":43,"column":2},"end":{"line":46,"column":4}}]},"3":{"type":"branch","line":44,"loc":{"start":{"line":44,"column":85},"end":{"line":45,"column":28}},"locations":[{"start":{"line":44,"column":85},"end":{"line":45,"column":28}}]},"4":{"type":"branch","line":48,"loc":{"start":{"line":48,"column":2},"end":{"line":51,"column":4}},"locations":[{"start":{"line":48,"column":2},"end":{"line":51,"column":4}}]},"5":{"type":"branch","line":49,"loc":{"start":{"line":49,"column":84},"end":{"line":50,"column":25}},"locations":[{"start":{"line":49,"column":84},"end":{"line":50,"column":25}}]},"6":{"type":"branch","line":53,"loc":{"start":{"line":53,"column":2},"end":{"line":56,"column":3}},"locations":[{"start":{"line":53,"column":2},"end":{"line":56,"column":3}}]},"7":{"type":"branch","line":54,"loc":{"start":{"line":54,"column":88},"end":{"line":55,"column":25}},"locations":[{"start":{"line":54,"column":88},"end":{"line":55,"column":25}}]}},"b":{"0":[4],"1":[0],"2":[3],"3":[0],"4":[2],"5":[0],"6":[2],"7":[0]},"fnMap":{"0":{"name":"getAllCountries","decl":{"start":{"line":33,"column":2},"end":{"line":41,"column":4}},"loc":{"start":{"line":33,"column":2},"end":{"line":41,"column":4}},"line":33},"1":{"name":"getCountryByCode","decl":{"start":{"line":43,"column":2},"end":{"line":46,"column":4}},"loc":{"start":{"line":43,"column":2},"end":{"line":46,"column":4}},"line":43},"2":{"name":"searchCountries","decl":{"start":{"line":48,"column":2},"end":{"line":51,"column":4}},"loc":{"start":{"line":48,"column":2},"end":{"line":51,"column":4}},"line":48},"3":{"name":"getCountriesByRegion","decl":{"start":{"line":53,"column":2},"end":{"line":56,"column":3}},"loc":{"start":{"line":53,"column":2},"end":{"line":56,"column":3}},"line":53}},"f":{"0":4,"1":3,"2":2,"3":2}}
,"/workspaces/rest-countries-explorer/countryhub/src/store/countryStore.ts": {"path":"/workspaces/rest-countries-explorer/countryhub/src/store/countryStore.ts","all":false,"statementMap":{"0":{"start":{"line":1,"column":0},"end":{"line":1,"column":33}},"1":{"start":{"line":2,"column":0},"end":{"line":2,"column":74}},"15":{"start":{"line":16,"column":0},"end":{"line":16,"column":63}},"16":{"start":{"line":17,"column":0},"end":{"line":17,"column":16}},"17":{"start":{"line":18,"column":0},"end":{"line":18,"column":17}},"18":{"start":{"line":19,"column":0},"end":{"line":19,"column":14}},"19":{"start":{"line":20,"column":0},"end":{"line":20,"column":24}},"21":{"start":{"line":22,"column":0},"end":{"line":22,"column":34}},"22":{"start":{"line":23,"column":0},"end":{"line":23,"column":40}},"23":{"start":{"line":24,"column":0},"end":{"line":24,"column":9}},"24":{"start":{"line":25,"column":0},"end":{"line":25,"column":63}},"25":{"start":{"line":26,"column":0},"end":{"line":26,"column":41}},"26":{"start":{"line":27,"column":0},"end":{"line":27,"column":21}},"27":{"start":{"line":28,"column":0},"end":{"line":28,"column":66}},"28":{"start":{"line":29,"column":0},"end":{"line":29,"column":5}},"29":{"start":{"line":30,"column":0},"end":{"line":30,"column":4}},"31":{"start":{"line":32,"column":0},"end":{"line":32,"column":47}},"32":{"start":{"line":33,"column":0},"end":{"line":33,"column":40}},"33":{"start":{"line":34,"column":0},"end":{"line":34,"column":9}},"34":{"start":{"line":35,"column":0},"end":{"line":35,"column":66}},"35":{"start":{"line":36,"column":0},"end":{"line":36,"column":56}},"36":{"start":{"line":37,"column":0},"end":{"line":37,"column":21}},"37":{"start":{"line":38,"column":0},"end":{"line":38,"column":72}},"38":{"start":{"line":39,"column":0},"end":{"line":39,"column":5}},"39":{"start":{"line":40,"column":0},"end":{"line":40,"column":4}},"41":{"start":{"line":42,"column":0},"end":{"line":42,"column":44}},"42":{"start":{"line":43,"column":0},"end":{"line":43,"column":40}},"43":{"start":{"line":44,"column":0},"end":{"line":44,"column":9}},"44":{"start":{"line":45,"column":0},"end":{"line":45,"column":67}},"45":{"start":{"line":46,"column":0},"end":{"line":46,"column":41}},"46":{"start":{"line":47,"column":0},"end":{"line":47,"column":21}},"47":{"start":{"line":48,"column":0},"end":{"line":48,"column":79}},"48":{"start":{"line":49,"column":0},"end":{"line":49,"column":5}},"49":{"start":{"line":50,"column":0},"end":{"line":50,"column":4}},"51":{"start":{"line":52,"column":0},"end":{"line":52,"column":41}},"52":{"start":{"line":53,"column":0},"end":{"line":53,"column":4}}},"s":{"0":1,"1":1,"15":1,"16":2,"17":2,"18":2,"19":2,"21":2,"22":2,"23":2,"24":2,"25":1,"26":1,"27":1,"28":1,"29":2,"31":2,"32":2,"33":2,"34":2,"35":1,"36":1,"37":1,"38":1,"39":2,"41":2,"42":2,"43":2,"44":2,"45":1,"46":1,"47":1,"48":1,"49":2,"51":2,"52":1},"branchMap":{"0":{"type":"branch","line":16,"loc":{"start":{"line":16,"column":52},"end":{"line":53,"column":2}},"locations":[{"start":{"line":16,"column":52},"end":{"line":53,"column":2}}]},"1":{"type":"branch","line":22,"loc":{"start":{"line":22,"column":21},"end":{"line":30,"column":4}},"locations":[{"start":{"line":22,"column":21},"end":{"line":30,"column":4}}]},"2":{"type":"branch","line":25,"loc":{"start":{"line":25,"column":61},"end":{"line":29,"column":5}},"locations":[{"start":{"line":25,"column":61},"end":{"line":29,"column":5}}]},"3":{"type":"branch","line":32,"loc":{"start":{"line":32,"column":22},"end":{"line":40,"column":4}},"locations":[{"start":{"line":32,"column":22},"end":{"line":40,"column":4}}]},"4":{"type":"branch","line":35,"loc":{"start":{"line":35,"column":64},"end":{"line":39,"column":5}},"locations":[{"start":{"line":35,"column":64},"end":{"line":39,"column":5}}]},"5":{"type":"branch","line":42,"loc":{"start":{"line":42,"column":19},"end":{"line":50,"column":4}},"locations":[{"start":{"line":42,"column":19},"end":{"line":50,"column":4}}]},"6":{"type":"branch","line":45,"loc":{"start":{"line":45,"column":65},"end":{"line":49,"column":5}},"locations":[{"start":{"line":45,"column":65},"end":{"line":49,"column":5}}]},"7":{"type":"branch","line":52,"loc":{"start":{"line":52,"column":14},"end":{"line":52,"column":41}},"locations":[{"start":{"line":52,"column":14},"end":{"line":52,"column":41}}]}},"b":{"0":[2],"1":[2],"2":[1],"3":[2],"4":[1],"5":[2],"6":[1],"7":[1]},"fnMap":{"0":{"name":"fetchAllCountries","decl":{"start":{"line":22,"column":21},"end":{"line":30,"column":4}},"loc":{"start":{"line":22,"column":21},"end":{"line":30,"column":4}},"line":22},"1":{"name":"fetchCountryByCode","decl":{"start":{"line":32,"column":22},"end":{"line":40,"column":4}},"loc":{"start":{"line":32,"column":22},"end":{"line":40,"column":4}},"line":32},"2":{"name":"searchCountries","decl":{"start":{"line":42,"column":19},"end":{"line":50,"column":4}},"loc":{"start":{"line":42,"column":19},"end":{"line":50,"column":4}},"line":42},"3":{"name":"clearError","decl":{"start":{"line":52,"column":14},"end":{"line":52,"column":41}},"loc":{"start":{"line":52,"column":14},"end":{"line":52,"column":41}},"line":52}},"f":{"0":2,"1":2,"2":2,"3":1}}
}
